<?xml version="1.0" encoding="UTF-8"?>
<TestRun id="419704de-44eb-4330-bafb-0365fa18d9ee" name="creative@CREATIVE-PC 2015-11-25 12:33:39" runUser="creative-PC\creative" xmlns="http://microsoft.com/schemas/VisualStudio/TeamTest/2010">
  <TestSettings name="Local" id="59f0ee62-8ca7-4246-b3db-fd4d06d78222">
    <Description>These are default test settings for a local test run.</Description>
    <Deployment enabled="false" runDeploymentRoot="creative_CREATIVE-PC 2015-11-25 12_33_39">
      <DeploymentItem filename="F:\AxadoTest\Axado\DAO\bin\Debug\DAO.dll" />
      <DeploymentItem filename="F:\AxadoTest\Axado\DataAccess\bin\Debug\DataAccess.dll" />
      <DeploymentItem filename="F:\AxadoTest\Axado\Entities\bin\Debug\Entities.dll" />
    </Deployment>
    <Execution>
      <TestTypeSpecific />
      <AgentRule name="Execution Agents">
      </AgentRule>
    </Execution>
  </TestSettings>
  <Times creation="2015-11-25T12:33:39.4732869-02:00" queuing="2015-11-25T12:33:39.7213011-02:00" start="2015-11-25T12:33:39.7433024-02:00" finish="2015-11-25T12:33:41.6944140-02:00" />
  <ResultSummary outcome="Completed">
    <Counters total="1" executed="1" passed="1" error="0" failed="0" timeout="0" aborted="0" inconclusive="0" passedButRunAborted="0" notRunnable="0" notExecuted="0" disconnected="0" warning="0" completed="0" inProgress="0" pending="0" />
  </ResultSummary>
  <TestDefinitions>
    <UnitTest name="crudTest" storage="f:\axadotest\axado\testunit\bin\debug\testunit.dll" id="e1279476-3810-d8ea-df6c-a80b39f3132c">
      <Execution id="4a610f15-8ba4-468f-a017-efa3ff64e371" />
      <TestMethod codeBase="F:/AxadoTest/Axado/TestUnit/bin/Debug/TestUnit.DLL" adapterTypeName="Microsoft.VisualStudio.TestTools.TestTypes.Unit.UnitTestAdapter, Microsoft.VisualStudio.QualityTools.Tips.UnitTest.Adapter, Version=10.0.0.0, Culture=neutral, PublicKeyToken=b03f5f7f11d50a3a" className="Axado.TestUnit.ClassificacaoCarrierDAOTest, TestUnit, Version=1.0.0.0, Culture=neutral, PublicKeyToken=null" name="crudTest" />
    </UnitTest>
  </TestDefinitions>
  <TestLists>
    <TestList name="Results Not in a List" id="8c84fa94-04c1-424b-9868-57a2d4851a1d" />
    <TestList name="All Loaded Results" id="19431567-8539-422a-85d7-44ee4e166bda" />
  </TestLists>
  <TestEntries>
    <TestEntry testId="e1279476-3810-d8ea-df6c-a80b39f3132c" executionId="4a610f15-8ba4-468f-a017-efa3ff64e371" testListId="8c84fa94-04c1-424b-9868-57a2d4851a1d" />
  </TestEntries>
  <Results>
    <UnitTestResult executionId="4a610f15-8ba4-468f-a017-efa3ff64e371" testId="e1279476-3810-d8ea-df6c-a80b39f3132c" testName="crudTest" computerName="CREATIVE-PC" duration="00:00:00.1918180" startTime="2015-11-25T12:33:39.7493027-02:00" endTime="2015-11-25T12:33:40.1753271-02:00" testType="13cdc9d9-ddb5-4fa4-a97d-d965ccfc6d4b" outcome="Passed" testListId="8c84fa94-04c1-424b-9868-57a2d4851a1d" relativeResultsDirectory="4a610f15-8ba4-468f-a017-efa3ff64e371">
    </UnitTestResult>
  </Results>
</TestRun>