<?xml version="1.0" encoding="UTF-8"?>
<TestRun id="b16d7ae2-fc13-4304-9ff4-cb17cba954e1" name="creative@CREATIVE-PC 2015-11-25 12:18:44" runUser="creative-PC\creative" xmlns="http://microsoft.com/schemas/VisualStudio/TeamTest/2010">
  <TestSettings name="Local" id="59f0ee62-8ca7-4246-b3db-fd4d06d78222">
    <Description>These are default test settings for a local test run.</Description>
    <Deployment enabled="false" runDeploymentRoot="creative_CREATIVE-PC 2015-11-25 12_18_44">
      <DeploymentItem filename="F:\AxadoTest\Axado\DAO\bin\Debug\DAO.dll" />
      <DeploymentItem filename="F:\AxadoTest\Axado\DataAccess\bin\Debug\DataAccess.dll" />
      <DeploymentItem filename="F:\AxadoTest\Axado\Entities\bin\Debug\Entities.dll" />
    </Deployment>
    <Execution>
      <TestTypeSpecific />
      <AgentRule name="Execution Agents">
      </AgentRule>
    </Execution>
  </TestSettings>
  <Times creation="2015-11-25T12:18:44.7591122-02:00" queuing="2015-11-25T12:18:44.8261160-02:00" start="2015-11-25T12:18:44.8371167-02:00" finish="2015-11-25T12:18:45.0881310-02:00" />
  <ResultSummary outcome="Failed">
    <Counters total="1" executed="1" error="0" failed="1" timeout="0" aborted="0" inconclusive="0" passedButRunAborted="0" notRunnable="0" notExecuted="0" disconnected="0" warning="0" passed="0" completed="0" inProgress="0" pending="0" />
  </ResultSummary>
  <TestDefinitions>
    <UnitTest name="crudTest" storage="f:\axadotest\axado\testunit\bin\debug\testunit.dll" id="e1279476-3810-d8ea-df6c-a80b39f3132c">
      <Execution id="2edb8613-48d2-4694-9303-b0181308a1c9" />
      <TestMethod codeBase="F:/AxadoTest/Axado/TestUnit/bin/Debug/TestUnit.DLL" adapterTypeName="Microsoft.VisualStudio.TestTools.TestTypes.Unit.UnitTestAdapter, Microsoft.VisualStudio.QualityTools.Tips.UnitTest.Adapter, Version=10.0.0.0, Culture=neutral, PublicKeyToken=b03f5f7f11d50a3a" className="Axado.TestUnit.ClassificacaoCarrierDAOTest, TestUnit, Version=1.0.0.0, Culture=neutral, PublicKeyToken=null" name="crudTest" />
    </UnitTest>
  </TestDefinitions>
  <TestLists>
    <TestList name="Results Not in a List" id="8c84fa94-04c1-424b-9868-57a2d4851a1d" />
    <TestList name="All Loaded Results" id="19431567-8539-422a-85d7-44ee4e166bda" />
  </TestLists>
  <TestEntries>
    <TestEntry testId="e1279476-3810-d8ea-df6c-a80b39f3132c" executionId="2edb8613-48d2-4694-9303-b0181308a1c9" testListId="8c84fa94-04c1-424b-9868-57a2d4851a1d" />
  </TestEntries>
  <Results>
    <UnitTestResult executionId="2edb8613-48d2-4694-9303-b0181308a1c9" testId="e1279476-3810-d8ea-df6c-a80b39f3132c" testName="crudTest" computerName="CREATIVE-PC" duration="00:00:00.0423520" startTime="2015-11-25T12:18:44.8681184-02:00" endTime="2015-11-25T12:18:45.0771304-02:00" testType="13cdc9d9-ddb5-4fa4-a97d-d965ccfc6d4b" outcome="Failed" testListId="8c84fa94-04c1-424b-9868-57a2d4851a1d" relativeResultsDirectory="2edb8613-48d2-4694-9303-b0181308a1c9">
      <Output>
        <ErrorInfo>
          <Message>Test method Axado.TestUnit.ClassificacaoCarrierDAOTest.crudTest threw exception: 
System.Data.SqlClient.SqlException: A consulta com parâmetros '(@tipo nvarchar(4000),@descricao nvarchar(12))INSERT INTO classi' espera o parâmetro '@tipo', que não foi fornecido.</Message>
          <StackTrace>    em System.Data.SqlClient.SqlConnection.OnError(SqlException exception, Boolean breakConnection, Action`1 wrapCloseInAction)
   em System.Data.SqlClient.SqlInternalConnection.OnError(SqlException exception, Boolean breakConnection, Action`1 wrapCloseInAction)
   em System.Data.SqlClient.TdsParser.ThrowExceptionAndWarning(TdsParserStateObject stateObj, Boolean callerHasConnectionLock, Boolean asyncClose)
   em System.Data.SqlClient.TdsParser.TryRun(RunBehavior runBehavior, SqlCommand cmdHandler, SqlDataReader dataStream, BulkCopySimpleResultSet bulkCopyHandler, TdsParserStateObject stateObj, Boolean&amp; dataReady)
   em System.Data.SqlClient.SqlDataReader.TryConsumeMetaData()
   em System.Data.SqlClient.SqlDataReader.get_MetaData()
   em System.Data.SqlClient.SqlCommand.FinishExecuteReader(SqlDataReader ds, RunBehavior runBehavior, String resetOptionsString)
   em System.Data.SqlClient.SqlCommand.RunExecuteReaderTds(CommandBehavior cmdBehavior, RunBehavior runBehavior, Boolean returnStream, Boolean async, Int32 timeout, Task&amp; task, Boolean asyncWrite)
   em System.Data.SqlClient.SqlCommand.RunExecuteReader(CommandBehavior cmdBehavior, RunBehavior runBehavior, Boolean returnStream, String method, TaskCompletionSource`1 completion, Int32 timeout, Task&amp; task, Boolean asyncWrite)
   em System.Data.SqlClient.SqlCommand.RunExecuteReader(CommandBehavior cmdBehavior, RunBehavior runBehavior, Boolean returnStream, String method)
   em System.Data.SqlClient.SqlCommand.ExecuteScalar()
   em Axado.DAO.ClassificacaoCarrierDAO.Insert(ClassificacaoEntity model) na F:\AxadoTest\Axado\DAO\ClassificacaoCarrierDAO.cs:linha 35
   em Axado.TestUnit.ClassificacaoCarrierDAOTest.insertTest() na F:\AxadoTest\Axado\TestUnit\ClassificacaoCarrierDAOTest.cs:linha 35
   em Axado.TestUnit.ClassificacaoCarrierDAOTest.crudTest() na F:\AxadoTest\Axado\TestUnit\ClassificacaoCarrierDAOTest.cs:linha 18
</StackTrace>
        </ErrorInfo>
      </Output>
    </UnitTestResult>
  </Results>
</TestRun>