<?xml version="1.0" encoding="UTF-8"?>
<TestRun id="1f9dd965-b34b-4e78-b58b-7de17c192781" name="creative@CREATIVE-PC 2015-11-25 10:55:32" runUser="creative-PC\creative" xmlns="http://microsoft.com/schemas/VisualStudio/TeamTest/2010">
  <TestSettings name="Local" id="59f0ee62-8ca7-4246-b3db-fd4d06d78222">
    <Description>These are default test settings for a local test run.</Description>
    <Deployment enabled="false" runDeploymentRoot="creative_CREATIVE-PC 2015-11-25 10_55_32">
      <DeploymentItem filename="F:\AxadoTest\Axado\DAO\bin\Debug\DAO.dll" />
      <DeploymentItem filename="F:\AxadoTest\Axado\DataAccess\bin\Debug\DataAccess.dll" />
      <DeploymentItem filename="F:\AxadoTest\Axado\Entities\bin\Debug\Entities.dll" />
    </Deployment>
    <Execution>
      <TestTypeSpecific />
      <AgentRule name="Execution Agents">
      </AgentRule>
    </Execution>
  </TestSettings>
  <Times creation="2015-11-25T10:55:32.6095776-02:00" queuing="2015-11-25T10:55:34.7116978-02:00" start="2015-11-25T10:55:34.8007029-02:00" finish="2015-11-25T10:55:35.2767301-02:00" />
  <ResultSummary outcome="Failed">
    <Counters total="1" executed="1" error="0" failed="1" timeout="0" aborted="0" inconclusive="0" passedButRunAborted="0" notRunnable="0" notExecuted="0" disconnected="0" warning="0" passed="0" completed="0" inProgress="0" pending="0" />
  </ResultSummary>
  <TestDefinitions>
    <UnitTest name="crudTest" storage="f:\axadotest\axado\testunit\bin\debug\testunit.dll" id="dfe98009-b603-4977-fc9e-78b15a119541">
      <Execution id="2130f697-b1da-4733-b51d-73e2fef6f236" />
      <TestMethod codeBase="F:/AxadoTest/Axado/TestUnit/bin/Debug/TestUnit.DLL" adapterTypeName="Microsoft.VisualStudio.TestTools.TestTypes.Unit.UnitTestAdapter, Microsoft.VisualStudio.QualityTools.Tips.UnitTest.Adapter, Version=10.0.0.0, Culture=neutral, PublicKeyToken=b03f5f7f11d50a3a" className="Axado.TestUnit.CarriersDAOTest, TestUnit, Version=1.0.0.0, Culture=neutral, PublicKeyToken=null" name="crudTest" />
    </UnitTest>
  </TestDefinitions>
  <TestLists>
    <TestList name="Results Not in a List" id="8c84fa94-04c1-424b-9868-57a2d4851a1d" />
    <TestList name="All Loaded Results" id="19431567-8539-422a-85d7-44ee4e166bda" />
  </TestLists>
  <TestEntries>
    <TestEntry testId="dfe98009-b603-4977-fc9e-78b15a119541" executionId="2130f697-b1da-4733-b51d-73e2fef6f236" testListId="8c84fa94-04c1-424b-9868-57a2d4851a1d" />
  </TestEntries>
  <Results>
    <UnitTestResult executionId="2130f697-b1da-4733-b51d-73e2fef6f236" testId="dfe98009-b603-4977-fc9e-78b15a119541" testName="crudTest" computerName="CREATIVE-PC" duration="00:00:00.1390737" startTime="2015-11-25T10:55:34.8357049-02:00" endTime="2015-11-25T10:55:35.2287274-02:00" testType="13cdc9d9-ddb5-4fa4-a97d-d965ccfc6d4b" outcome="Failed" testListId="8c84fa94-04c1-424b-9868-57a2d4851a1d" relativeResultsDirectory="2130f697-b1da-4733-b51d-73e2fef6f236">
      <Output>
        <ErrorInfo>
          <Message>Test method Axado.TestUnit.CarriersDAOTest.crudTest threw exception: 
System.ArgumentException: Não há suporte para a palavra-chave: 'host'.</Message>
          <StackTrace>    em System.Data.Common.DbConnectionOptions.ParseInternal(Hashtable parsetable, String connectionString, Boolean buildChain, Hashtable synonyms, Boolean firstKey)
   em System.Data.Common.DbConnectionOptions..ctor(String connectionString, Hashtable synonyms, Boolean useOdbcRules)
   em System.Data.SqlClient.SqlConnectionString..ctor(String connectionString)
   em System.Data.SqlClient.SqlConnectionFactory.CreateConnectionOptions(String connectionString, DbConnectionOptions previous)
   em System.Data.ProviderBase.DbConnectionFactory.GetConnectionPoolGroup(DbConnectionPoolKey key, DbConnectionPoolGroupOptions poolOptions, DbConnectionOptions&amp; userConnectionOptions)
   em System.Data.SqlClient.SqlConnection.ConnectionString_Set(DbConnectionPoolKey key)
   em System.Data.SqlClient.SqlConnection.set_ConnectionString(String value)
   em System.Data.SqlClient.SqlConnection..ctor(String connectionString, SqlCredential credential)
   em System.Data.SqlClient.SqlConnection..ctor(String connectionString)
   em Axado.DataAccess.Connection..ctor() na F:\AxadoTest\Axado\DataAccess\Connection.cs:linha 26
   em Axado.TestUnit.CarriersDAOTest.insertTest() na F:\AxadoTest\Axado\TestUnit\CarriersDAOTest.cs:linha 28
   em Axado.TestUnit.CarriersDAOTest.crudTest() na F:\AxadoTest\Axado\TestUnit\CarriersDAOTest.cs:linha 19
</StackTrace>
        </ErrorInfo>
      </Output>
    </UnitTestResult>
  </Results>
</TestRun>